<?xml version="1.0" encoding="UTF-8"?>
<TestRun id="780d4c5a-048a-4e05-a68f-6e24dd3b932f" name="Mr.Bao@DESKTOP-MNT85I8 2019-11-14 09:24:46" runUser="DESKTOP-MNT85I8\Mr.Bao" xmlns="http://microsoft.com/schemas/VisualStudio/TeamTest/2010">
  <TestSettings name="Local" id="4832f6f6-0122-46c3-a19a-a0aebfdfd26e">
    <Description>These are default test settings for a local test run.</Description>
    <Deployment enabled="false" runDeploymentRoot="Mr.Bao_DESKTOP-MNT85I8 2019-11-14 09_24_46">
      <DeploymentItem filename="C:\Users\Mr.Bao\Desktop\QLKhachSan\QLKhachSan\QLKhachSan\bin\Debug\QLKhachSan.exe" />
    </Deployment>
    <Execution>
      <TestTypeSpecific />
      <AgentRule name="Execution Agents">
      </AgentRule>
    </Execution>
  </TestSettings>
  <Times creation="2019-11-14T09:24:46.7126130+07:00" queuing="2019-11-14T09:24:47.6637172+07:00" start="2019-11-14T09:24:47.7046079+07:00" finish="2019-11-14T09:24:48.2205978+07:00" />
  <ResultSummary outcome="Completed">
    <Counters total="1" executed="1" passed="1" error="0" failed="0" timeout="0" aborted="0" inconclusive="0" passedButRunAborted="0" notRunnable="0" notExecuted="0" disconnected="0" warning="0" completed="0" inProgress="0" pending="0" />
  </ResultSummary>
  <TestDefinitions>
    <UnitTest name="TestDangNhapThanhCong" storage="c:\users\mr.bao\desktop\qlkhachsan\qlkhachsan\testformlogin\bin\debug\testformlogin.dll" id="9a7c029e-6ac7-139c-a677-c95f8c793e8a">
      <Execution id="ca9943f7-6bdf-4d15-b014-6b44c682b282" />
      <TestMethod codeBase="C:/Users/Mr.Bao/Desktop/QLKhachSan/QLKhachSan/TestFormLogin/bin/Debug/TestFormLogin.DLL" adapterTypeName="Microsoft.VisualStudio.TestTools.TestTypes.Unit.UnitTestAdapter, Microsoft.VisualStudio.QualityTools.Tips.UnitTest.Adapter, Version=10.0.0.0, Culture=neutral, PublicKeyToken=b03f5f7f11d50a3a" className="TestFormLogin.UnitTestFormLogin, TestFormLogin, Version=1.0.0.0, Culture=neutral, PublicKeyToken=null" name="TestDangNhapThanhCong" />
    </UnitTest>
  </TestDefinitions>
  <TestLists>
    <TestList name="Results Not in a List" id="8c84fa94-04c1-424b-9868-57a2d4851a1d" />
    <TestList name="All Loaded Results" id="19431567-8539-422a-85d7-44ee4e166bda" />
  </TestLists>
  <TestEntries>
    <TestEntry testId="9a7c029e-6ac7-139c-a677-c95f8c793e8a" executionId="ca9943f7-6bdf-4d15-b014-6b44c682b282" testListId="8c84fa94-04c1-424b-9868-57a2d4851a1d" />
  </TestEntries>
  <Results>
    <UnitTestResult executionId="ca9943f7-6bdf-4d15-b014-6b44c682b282" testId="9a7c029e-6ac7-139c-a677-c95f8c793e8a" testName="TestDangNhapThanhCong" computerName="DESKTOP-MNT85I8" duration="00:00:00.0062260" startTime="2019-11-14T09:24:47.7315362+07:00" endTime="2019-11-14T09:24:48.1705782+07:00" testType="13cdc9d9-ddb5-4fa4-a97d-d965ccfc6d4b" outcome="Passed" testListId="8c84fa94-04c1-424b-9868-57a2d4851a1d" relativeResultsDirectory="ca9943f7-6bdf-4d15-b014-6b44c682b282">
    </UnitTestResult>
  </Results>
</TestRun>