<?xml version="1.0" encoding="UTF-8"?>
<TestRun id="e37ad81e-e077-4319-a283-4720f32ed086" name="Mr.Bao@DESKTOP-MNT85I8 2019-11-14 09:24:14" runUser="DESKTOP-MNT85I8\Mr.Bao" xmlns="http://microsoft.com/schemas/VisualStudio/TeamTest/2010">
  <TestSettings name="Local" id="4832f6f6-0122-46c3-a19a-a0aebfdfd26e">
    <Description>These are default test settings for a local test run.</Description>
    <Deployment enabled="false" runDeploymentRoot="Mr.Bao_DESKTOP-MNT85I8 2019-11-14 09_24_14">
      <DeploymentItem filename="C:\Users\Mr.Bao\Desktop\QLKhachSan\QLKhachSan\QLKhachSan\bin\Debug\QLKhachSan.exe" />
    </Deployment>
    <Execution>
      <TestTypeSpecific />
      <AgentRule name="Execution Agents">
      </AgentRule>
    </Execution>
  </TestSettings>
  <Times creation="2019-11-14T09:24:14.3175191+07:00" queuing="2019-11-14T09:24:17.5614639+07:00" start="2019-11-14T09:24:17.6409382+07:00" finish="2019-11-14T09:24:18.6327457+07:00" />
  <ResultSummary outcome="Completed">
    <Counters total="2" executed="2" passed="2" error="0" failed="0" timeout="0" aborted="0" inconclusive="0" passedButRunAborted="0" notRunnable="0" notExecuted="0" disconnected="0" warning="0" completed="0" inProgress="0" pending="0" />
  </ResultSummary>
  <TestDefinitions>
    <UnitTest name="TestMethod1" storage="c:\users\mr.bao\desktop\qlkhachsan\qlkhachsan\testformlogin\bin\debug\testformlogin.dll" id="ad73a510-2e9d-ffb9-3008-285226594adb">
      <Execution id="3ea9d1e3-19fd-40a7-a468-c7cef9851abd" />
      <TestMethod codeBase="C:/Users/Mr.Bao/Desktop/QLKhachSan/QLKhachSan/TestFormLogin/bin/Debug/TestFormLogin.DLL" adapterTypeName="Microsoft.VisualStudio.TestTools.TestTypes.Unit.UnitTestAdapter, Microsoft.VisualStudio.QualityTools.Tips.UnitTest.Adapter, Version=10.0.0.0, Culture=neutral, PublicKeyToken=b03f5f7f11d50a3a" className="TestFormLogin.UnitTest1, TestFormLogin, Version=1.0.0.0, Culture=neutral, PublicKeyToken=null" name="TestMethod1" />
    </UnitTest>
    <UnitTest name="TestDangNhapThanhCong" storage="c:\users\mr.bao\desktop\qlkhachsan\qlkhachsan\testformlogin\bin\debug\testformlogin.dll" id="9a7c029e-6ac7-139c-a677-c95f8c793e8a">
      <Execution id="ba86c7be-4333-4d96-8980-cb932c76ad6b" />
      <TestMethod codeBase="C:/Users/Mr.Bao/Desktop/QLKhachSan/QLKhachSan/TestFormLogin/bin/Debug/TestFormLogin.DLL" adapterTypeName="Microsoft.VisualStudio.TestTools.TestTypes.Unit.UnitTestAdapter, Microsoft.VisualStudio.QualityTools.Tips.UnitTest.Adapter, Version=10.0.0.0, Culture=neutral, PublicKeyToken=b03f5f7f11d50a3a" className="TestFormLogin.UnitTestFormLogin, TestFormLogin, Version=1.0.0.0, Culture=neutral, PublicKeyToken=null" name="TestDangNhapThanhCong" />
    </UnitTest>
  </TestDefinitions>
  <TestLists>
    <TestList name="Results Not in a List" id="8c84fa94-04c1-424b-9868-57a2d4851a1d" />
    <TestList name="All Loaded Results" id="19431567-8539-422a-85d7-44ee4e166bda" />
  </TestLists>
  <TestEntries>
    <TestEntry testId="ad73a510-2e9d-ffb9-3008-285226594adb" executionId="3ea9d1e3-19fd-40a7-a468-c7cef9851abd" testListId="8c84fa94-04c1-424b-9868-57a2d4851a1d" />
    <TestEntry testId="9a7c029e-6ac7-139c-a677-c95f8c793e8a" executionId="ba86c7be-4333-4d96-8980-cb932c76ad6b" testListId="8c84fa94-04c1-424b-9868-57a2d4851a1d" />
  </TestEntries>
  <Results>
    <UnitTestResult executionId="3ea9d1e3-19fd-40a7-a468-c7cef9851abd" testId="ad73a510-2e9d-ffb9-3008-285226594adb" testName="TestMethod1" computerName="DESKTOP-MNT85I8" duration="00:00:00.0060023" startTime="2019-11-14T09:24:17.7237150+07:00" endTime="2019-11-14T09:24:18.3696861+07:00" testType="13cdc9d9-ddb5-4fa4-a97d-d965ccfc6d4b" outcome="Passed" testListId="8c84fa94-04c1-424b-9868-57a2d4851a1d" relativeResultsDirectory="3ea9d1e3-19fd-40a7-a468-c7cef9851abd">
    </UnitTestResult>
    <UnitTestResult executionId="ba86c7be-4333-4d96-8980-cb932c76ad6b" testId="9a7c029e-6ac7-139c-a677-c95f8c793e8a" testName="TestDangNhapThanhCong" computerName="DESKTOP-MNT85I8" duration="00:00:00.0087584" startTime="2019-11-14T09:24:18.3786289+07:00" endTime="2019-11-14T09:24:18.3964382+07:00" testType="13cdc9d9-ddb5-4fa4-a97d-d965ccfc6d4b" outcome="Passed" testListId="8c84fa94-04c1-424b-9868-57a2d4851a1d" relativeResultsDirectory="ba86c7be-4333-4d96-8980-cb932c76ad6b">
    </UnitTestResult>
  </Results>
</TestRun>