<?xml version="1.0" encoding="UTF-8"?>
<TestRun id="1e3f02b7-12e4-4e57-8a68-a594a2dd89f6" name="TiDK@TIDK-PC 2019-11-16 09:46:04" runUser="TiDK-PC\TiDK" xmlns="http://microsoft.com/schemas/VisualStudio/TeamTest/2010">
  <TestSettings name="Local" id="4832f6f6-0122-46c3-a19a-a0aebfdfd26e">
    <Description>These are default test settings for a local test run.</Description>
    <Deployment enabled="false" runDeploymentRoot="TiDK_TIDK-PC 2019-11-16 09_46_04">
      <DeploymentItem filename="C:\Users\TiDK\Desktop\QLKhachSan\QLKhachSan\QLKhachSan\bin\Debug\QLKhachSan.exe" />
    </Deployment>
    <Execution>
      <TestTypeSpecific />
      <AgentRule name="Execution Agents">
      </AgentRule>
    </Execution>
  </TestSettings>
  <Times creation="2019-11-16T09:46:04.2306455+07:00" queuing="2019-11-16T09:46:04.2606472+07:00" start="2019-11-16T09:46:04.2806484+07:00" finish="2019-11-16T09:46:04.6096672+07:00" />
  <ResultSummary outcome="Completed">
    <Counters total="1" executed="1" passed="1" error="0" failed="0" timeout="0" aborted="0" inconclusive="0" passedButRunAborted="0" notRunnable="0" notExecuted="0" disconnected="0" warning="0" completed="0" inProgress="0" pending="0" />
  </ResultSummary>
  <TestDefinitions>
    <UnitTest name="TestThemNhanVienKhongThanhCongDoTrungMaNV" storage="c:\users\tidk\desktop\qlkhachsan\qlkhachsan\testqlkhachsan\bin\debug\testqlkhachsan.dll" id="350b5ade-1e11-59e3-fe07-222dec2b9597">
      <Execution id="06e38ed0-9be4-4fd8-b859-97d02774a7ff" />
      <TestMethod codeBase="C:/Users/TiDK/Desktop/QLKhachSan/QLKhachSan/TestQLKhachSan/bin/Debug/TestQLKhachSan.DLL" adapterTypeName="Microsoft.VisualStudio.TestTools.TestTypes.Unit.UnitTestAdapter, Microsoft.VisualStudio.QualityTools.Tips.UnitTest.Adapter, Version=10.0.0.0, Culture=neutral, PublicKeyToken=b03f5f7f11d50a3a" className="TestQLKhachSan.UnitTestFrmQuanLyNhanVien, TestQLKhachSan, Version=1.0.0.0, Culture=neutral, PublicKeyToken=null" name="TestThemNhanVienKhongThanhCongDoTrungMaNV" />
    </UnitTest>
  </TestDefinitions>
  <TestLists>
    <TestList name="Results Not in a List" id="8c84fa94-04c1-424b-9868-57a2d4851a1d" />
    <TestList name="All Loaded Results" id="19431567-8539-422a-85d7-44ee4e166bda" />
  </TestLists>
  <TestEntries>
    <TestEntry testId="350b5ade-1e11-59e3-fe07-222dec2b9597" executionId="06e38ed0-9be4-4fd8-b859-97d02774a7ff" testListId="8c84fa94-04c1-424b-9868-57a2d4851a1d" />
  </TestEntries>
  <Results>
    <UnitTestResult executionId="06e38ed0-9be4-4fd8-b859-97d02774a7ff" testId="350b5ade-1e11-59e3-fe07-222dec2b9597" testName="TestThemNhanVienKhongThanhCongDoTrungMaNV" computerName="TIDK-PC" duration="00:00:00.0300405" startTime="2019-11-16T09:46:04.2956492+07:00" endTime="2019-11-16T09:46:04.5926662+07:00" testType="13cdc9d9-ddb5-4fa4-a97d-d965ccfc6d4b" outcome="Passed" testListId="8c84fa94-04c1-424b-9868-57a2d4851a1d" relativeResultsDirectory="06e38ed0-9be4-4fd8-b859-97d02774a7ff">
      <Output>
        <StdOut>NV1
NV2</StdOut>
      </Output>
    </UnitTestResult>
  </Results>
</TestRun>