<?xml version="1.0" encoding="UTF-8"?>
<TestRun id="430013dd-b823-4f00-b542-e8a2c9e64f09" name="TiDK@TIDK-PC 2019-11-16 09:53:46" runUser="TiDK-PC\TiDK" xmlns="http://microsoft.com/schemas/VisualStudio/TeamTest/2010">
  <TestSettings name="Local" id="4832f6f6-0122-46c3-a19a-a0aebfdfd26e">
    <Description>These are default test settings for a local test run.</Description>
    <Deployment enabled="false" runDeploymentRoot="TiDK_TIDK-PC 2019-11-16 09_53_46">
      <DeploymentItem filename="C:\Users\TiDK\Desktop\QLKhachSan\QLKhachSan\QLKhachSan\bin\Debug\QLKhachSan.exe" />
    </Deployment>
    <Execution>
      <TestTypeSpecific />
      <AgentRule name="Execution Agents">
      </AgentRule>
    </Execution>
  </TestSettings>
  <Times creation="2019-11-16T09:53:46.8361050+07:00" queuing="2019-11-16T09:53:46.8541061+07:00" start="2019-11-16T09:53:46.9111093+07:00" finish="2019-11-16T09:53:47.2271274+07:00" />
  <ResultSummary outcome="Completed">
    <Counters total="1" executed="1" passed="1" error="0" failed="0" timeout="0" aborted="0" inconclusive="0" passedButRunAborted="0" notRunnable="0" notExecuted="0" disconnected="0" warning="0" completed="0" inProgress="0" pending="0" />
  </ResultSummary>
  <TestDefinitions>
    <UnitTest name="TestThemKhachHangThanhCong" storage="c:\users\tidk\desktop\qlkhachsan\qlkhachsan\testqlkhachsan\bin\debug\testqlkhachsan.dll" id="156d54dd-a59d-e831-0f56-09ce34b23bc4">
      <Execution id="baa8b125-ebfa-45b1-9052-4ad4f966e43b" />
      <TestMethod codeBase="C:/Users/TiDK/Desktop/QLKhachSan/QLKhachSan/TestQLKhachSan/bin/Debug/TestQLKhachSan.DLL" adapterTypeName="Microsoft.VisualStudio.TestTools.TestTypes.Unit.UnitTestAdapter, Microsoft.VisualStudio.QualityTools.Tips.UnitTest.Adapter, Version=10.0.0.0, Culture=neutral, PublicKeyToken=b03f5f7f11d50a3a" className="TestQLKhachSan.UnitTestFrmQuanLyKhachHang, TestQLKhachSan, Version=1.0.0.0, Culture=neutral, PublicKeyToken=null" name="TestThemKhachHangThanhCong" />
    </UnitTest>
  </TestDefinitions>
  <TestLists>
    <TestList name="Results Not in a List" id="8c84fa94-04c1-424b-9868-57a2d4851a1d" />
    <TestList name="All Loaded Results" id="19431567-8539-422a-85d7-44ee4e166bda" />
  </TestLists>
  <TestEntries>
    <TestEntry testId="156d54dd-a59d-e831-0f56-09ce34b23bc4" executionId="baa8b125-ebfa-45b1-9052-4ad4f966e43b" testListId="8c84fa94-04c1-424b-9868-57a2d4851a1d" />
  </TestEntries>
  <Results>
    <UnitTestResult executionId="baa8b125-ebfa-45b1-9052-4ad4f966e43b" testId="156d54dd-a59d-e831-0f56-09ce34b23bc4" testName="TestThemKhachHangThanhCong" computerName="TIDK-PC" duration="00:00:00.0298959" startTime="2019-11-16T09:53:46.9151096+07:00" endTime="2019-11-16T09:53:47.2081263+07:00" testType="13cdc9d9-ddb5-4fa4-a97d-d965ccfc6d4b" outcome="Passed" testListId="8c84fa94-04c1-424b-9868-57a2d4851a1d" relativeResultsDirectory="baa8b125-ebfa-45b1-9052-4ad4f966e43b">
    </UnitTestResult>
  </Results>
</TestRun>