<?xml version="1.0" encoding="UTF-8"?>
<TestRun id="6db52012-8c0c-457d-b213-e8cd987a59bf" name="TiDK@TIDK-PC 2019-11-17 08:57:37" runUser="TiDK-PC\TiDK" xmlns="http://microsoft.com/schemas/VisualStudio/TeamTest/2010">
  <TestSettings name="Local" id="4832f6f6-0122-46c3-a19a-a0aebfdfd26e">
    <Description>These are default test settings for a local test run.</Description>
    <Deployment enabled="false" runDeploymentRoot="TiDK_TIDK-PC 2019-11-17 08_57_37">
      <DeploymentItem filename="C:\Users\TiDK\Desktop\QLKhachSan\QLKhachSan\QLKhachSan\bin\Debug\QLKhachSan.exe" />
    </Deployment>
    <Execution>
      <TestTypeSpecific />
      <AgentRule name="Execution Agents">
      </AgentRule>
    </Execution>
  </TestSettings>
  <Times creation="2019-11-17T08:57:37.7670387+07:00" queuing="2019-11-17T08:57:37.8138388+07:00" start="2019-11-17T08:57:37.8294388+07:00" finish="2019-11-17T08:57:38.1570394+07:00" />
  <ResultSummary outcome="Completed">
    <Counters total="1" executed="1" passed="1" error="0" failed="0" timeout="0" aborted="0" inconclusive="0" passedButRunAborted="0" notRunnable="0" notExecuted="0" disconnected="0" warning="0" completed="0" inProgress="0" pending="0" />
  </ResultSummary>
  <TestDefinitions>
    <UnitTest name="TestXoaKhachHangKhongThanhCong" storage="c:\users\tidk\desktop\qlkhachsan\qlkhachsan\testqlkhachsan\bin\debug\testqlkhachsan.dll" id="12ff4878-078a-9fcd-8c58-899bd0f74036">
      <Execution id="809f54f9-2f56-4642-8f2d-c8185b1263ad" />
      <TestMethod codeBase="C:/Users/TiDK/Desktop/QLKhachSan/QLKhachSan/TestQLKhachSan/bin/Debug/TestQLKhachSan.DLL" adapterTypeName="Microsoft.VisualStudio.TestTools.TestTypes.Unit.UnitTestAdapter, Microsoft.VisualStudio.QualityTools.Tips.UnitTest.Adapter, Version=10.0.0.0, Culture=neutral, PublicKeyToken=b03f5f7f11d50a3a" className="TestQLKhachSan.UnitTestFrmQuanLyKhachHang, TestQLKhachSan, Version=1.0.0.0, Culture=neutral, PublicKeyToken=null" name="TestXoaKhachHangKhongThanhCong" />
    </UnitTest>
  </TestDefinitions>
  <TestLists>
    <TestList name="Results Not in a List" id="8c84fa94-04c1-424b-9868-57a2d4851a1d" />
    <TestList name="All Loaded Results" id="19431567-8539-422a-85d7-44ee4e166bda" />
  </TestLists>
  <TestEntries>
    <TestEntry testId="12ff4878-078a-9fcd-8c58-899bd0f74036" executionId="809f54f9-2f56-4642-8f2d-c8185b1263ad" testListId="8c84fa94-04c1-424b-9868-57a2d4851a1d" />
  </TestEntries>
  <Results>
    <UnitTestResult executionId="809f54f9-2f56-4642-8f2d-c8185b1263ad" testId="12ff4878-078a-9fcd-8c58-899bd0f74036" testName="TestXoaKhachHangKhongThanhCong" computerName="TIDK-PC" duration="00:00:00.0294221" startTime="2019-11-17T08:57:37.8450388+07:00" endTime="2019-11-17T08:57:38.1414394+07:00" testType="13cdc9d9-ddb5-4fa4-a97d-d965ccfc6d4b" outcome="Passed" testListId="8c84fa94-04c1-424b-9868-57a2d4851a1d" relativeResultsDirectory="809f54f9-2f56-4642-8f2d-c8185b1263ad">
    </UnitTestResult>
  </Results>
</TestRun>