<?xml version="1.0" encoding="UTF-8"?>
<TestRun id="ffd68077-eb61-4f79-8cc1-7c953feb74e2" name="TiDK@TIDK-PC 2019-11-16 09:37:37" runUser="TiDK-PC\TiDK" xmlns="http://microsoft.com/schemas/VisualStudio/TeamTest/2010">
  <TestSettings name="Local" id="4832f6f6-0122-46c3-a19a-a0aebfdfd26e">
    <Description>These are default test settings for a local test run.</Description>
    <Deployment enabled="false" runDeploymentRoot="TiDK_TIDK-PC 2019-11-16 09_37_37">
      <DeploymentItem filename="C:\Users\TiDK\Desktop\QLKhachSan\QLKhachSan\QLKhachSan\bin\Debug\QLKhachSan.exe" />
    </Deployment>
    <Execution>
      <TestTypeSpecific />
      <AgentRule name="Execution Agents">
      </AgentRule>
    </Execution>
  </TestSettings>
  <Times creation="2019-11-16T09:37:37.2816497+07:00" queuing="2019-11-16T09:37:37.2966506+07:00" start="2019-11-16T09:37:37.3056511+07:00" finish="2019-11-16T09:37:37.6426704+07:00" />
  <ResultSummary outcome="Failed">
    <Counters total="1" executed="1" error="0" failed="1" timeout="0" aborted="0" inconclusive="0" passedButRunAborted="0" notRunnable="0" notExecuted="0" disconnected="0" warning="0" passed="0" completed="0" inProgress="0" pending="0" />
  </ResultSummary>
  <TestDefinitions>
    <UnitTest name="TestThemNhanVienKhacMaNV" storage="c:\users\tidk\desktop\qlkhachsan\qlkhachsan\testqlkhachsan\bin\debug\testqlkhachsan.dll" id="0a8ebf80-cc34-c54b-f81e-35d22db3b166">
      <Execution id="61f23d41-f65a-4526-b8cf-c6815b11c356" />
      <TestMethod codeBase="C:/Users/TiDK/Desktop/QLKhachSan/QLKhachSan/TestQLKhachSan/bin/Debug/TestQLKhachSan.DLL" adapterTypeName="Microsoft.VisualStudio.TestTools.TestTypes.Unit.UnitTestAdapter, Microsoft.VisualStudio.QualityTools.Tips.UnitTest.Adapter, Version=10.0.0.0, Culture=neutral, PublicKeyToken=b03f5f7f11d50a3a" className="TestQLKhachSan.UnitTestFrmQuanLyNhanVien, TestQLKhachSan, Version=1.0.0.0, Culture=neutral, PublicKeyToken=null" name="TestThemNhanVienKhacMaNV" />
    </UnitTest>
  </TestDefinitions>
  <TestLists>
    <TestList name="Results Not in a List" id="8c84fa94-04c1-424b-9868-57a2d4851a1d" />
    <TestList name="All Loaded Results" id="19431567-8539-422a-85d7-44ee4e166bda" />
  </TestLists>
  <TestEntries>
    <TestEntry testId="0a8ebf80-cc34-c54b-f81e-35d22db3b166" executionId="61f23d41-f65a-4526-b8cf-c6815b11c356" testListId="8c84fa94-04c1-424b-9868-57a2d4851a1d" />
  </TestEntries>
  <Results>
    <UnitTestResult executionId="61f23d41-f65a-4526-b8cf-c6815b11c356" testId="0a8ebf80-cc34-c54b-f81e-35d22db3b166" testName="TestThemNhanVienKhacMaNV" computerName="TIDK-PC" duration="00:00:00.0487070" startTime="2019-11-16T09:37:37.3096513+07:00" endTime="2019-11-16T09:37:37.6276695+07:00" testType="13cdc9d9-ddb5-4fa4-a97d-d965ccfc6d4b" outcome="Failed" testListId="8c84fa94-04c1-424b-9868-57a2d4851a1d" relativeResultsDirectory="61f23d41-f65a-4526-b8cf-c6815b11c356">
      <Output>
        <StdOut>NV1
NV2</StdOut>
        <ErrorInfo>
          <Message>Test method TestQLKhachSan.UnitTestFrmQuanLyNhanVien.TestThemNhanVienKhacMaNV threw exception: 
System.Exception: Them</Message>
          <StackTrace>    at TestQLKhachSan.UnitTestFrmQuanLyNhanVien.TestThemNhanVienKhacMaNV() in C:\Users\TiDK\Desktop\QLKhachSan\QLKhachSan\TestQLKhachSan\UnitTestFrmQuanLyNhanVien.cs:line 34
</StackTrace>
        </ErrorInfo>
      </Output>
    </UnitTestResult>
  </Results>
</TestRun>