<?xml version="1.0" encoding="UTF-8"?>
<TestRun id="0cc70a3b-5f47-437a-9aab-da5a80cb6e81" name="TiDK@TIDK-PC 2019-11-15 17:20:34" runUser="TiDK-PC\TiDK" xmlns="http://microsoft.com/schemas/VisualStudio/TeamTest/2010">
  <TestSettings name="Local" id="4832f6f6-0122-46c3-a19a-a0aebfdfd26e">
    <Description>These are default test settings for a local test run.</Description>
    <Deployment enabled="false" runDeploymentRoot="TiDK_TIDK-PC 2019-11-15 17_20_34">
      <DeploymentItem filename="C:\Users\TiDK\Desktop\QLKhachSan\QLKhachSan\QLKhachSan\bin\Debug\QLKhachSan.exe" />
    </Deployment>
    <Execution>
      <TestTypeSpecific />
      <AgentRule name="Execution Agents">
      </AgentRule>
    </Execution>
  </TestSettings>
  <Times creation="2019-11-15T17:20:34.8783782+07:00" queuing="2019-11-15T17:20:34.8953792+07:00" start="2019-11-15T17:20:34.9103801+07:00" finish="2019-11-15T17:20:35.2353987+07:00" />
  <ResultSummary outcome="Completed">
    <Counters total="1" executed="1" passed="1" error="0" failed="0" timeout="0" aborted="0" inconclusive="0" passedButRunAborted="0" notRunnable="0" notExecuted="0" disconnected="0" warning="0" completed="0" inProgress="0" pending="0" />
  </ResultSummary>
  <TestDefinitions>
    <UnitTest name="TestDangNhapSaiUsername" storage="c:\users\tidk\desktop\qlkhachsan\qlkhachsan\testformlogin\bin\debug\testformlogin.dll" id="e1bea3ac-d61e-bfab-f58f-e4df2d9e4d98">
      <Execution id="20c46580-229a-4314-b11d-86b8a0b600e7" />
      <TestMethod codeBase="C:/Users/TiDK/Desktop/QLKhachSan/QLKhachSan/TestFormLogin/bin/Debug/TestFormLogin.DLL" adapterTypeName="Microsoft.VisualStudio.TestTools.TestTypes.Unit.UnitTestAdapter, Microsoft.VisualStudio.QualityTools.Tips.UnitTest.Adapter, Version=10.0.0.0, Culture=neutral, PublicKeyToken=b03f5f7f11d50a3a" className="TestFormLogin.UnitTestFormLogin, TestFormLogin, Version=1.0.0.0, Culture=neutral, PublicKeyToken=null" name="TestDangNhapSaiUsername" />
    </UnitTest>
  </TestDefinitions>
  <TestLists>
    <TestList name="Results Not in a List" id="8c84fa94-04c1-424b-9868-57a2d4851a1d" />
    <TestList name="All Loaded Results" id="19431567-8539-422a-85d7-44ee4e166bda" />
  </TestLists>
  <TestEntries>
    <TestEntry testId="e1bea3ac-d61e-bfab-f58f-e4df2d9e4d98" executionId="20c46580-229a-4314-b11d-86b8a0b600e7" testListId="8c84fa94-04c1-424b-9868-57a2d4851a1d" />
  </TestEntries>
  <Results>
    <UnitTestResult executionId="20c46580-229a-4314-b11d-86b8a0b600e7" testId="e1bea3ac-d61e-bfab-f58f-e4df2d9e4d98" testName="TestDangNhapSaiUsername" computerName="TIDK-PC" duration="00:00:00.0147622" startTime="2019-11-15T17:20:34.9393817+07:00" endTime="2019-11-15T17:20:35.2213979+07:00" testType="13cdc9d9-ddb5-4fa4-a97d-d965ccfc6d4b" outcome="Passed" testListId="8c84fa94-04c1-424b-9868-57a2d4851a1d" relativeResultsDirectory="20c46580-229a-4314-b11d-86b8a0b600e7">
    </UnitTestResult>
  </Results>
</TestRun>