<?xml version="1.0" encoding="UTF-8"?>
<TestRun id="4b6254e2-6e52-450f-b843-0f86595768c4" name="TiDK@TIDK-PC 2019-11-15 16:53:49" runUser="TiDK-PC\TiDK" xmlns="http://microsoft.com/schemas/VisualStudio/TeamTest/2010">
  <TestSettings name="Local" id="4832f6f6-0122-46c3-a19a-a0aebfdfd26e">
    <Description>These are default test settings for a local test run.</Description>
    <Deployment enabled="false" runDeploymentRoot="TiDK_TIDK-PC 2019-11-15 16_53_49">
      <DeploymentItem filename="C:\Users\TiDK\Desktop\QLKhachSan\QLKhachSan\QLKhachSan\bin\Debug\QLKhachSan.exe" />
    </Deployment>
    <Execution>
      <TestTypeSpecific />
      <AgentRule name="Execution Agents">
      </AgentRule>
    </Execution>
  </TestSettings>
  <Times creation="2019-11-15T16:53:49.3436583+07:00" queuing="2019-11-15T16:53:51.8598023+07:00" start="2019-11-15T16:53:52.2078222+07:00" finish="2019-11-15T16:53:52.8268576+07:00" />
  <ResultSummary outcome="Failed">
    <Counters total="1" executed="1" error="0" failed="1" timeout="0" aborted="0" inconclusive="0" passedButRunAborted="0" notRunnable="0" notExecuted="0" disconnected="0" warning="0" passed="0" completed="0" inProgress="0" pending="0" />
  </ResultSummary>
  <TestDefinitions>
    <UnitTest name="TestDangNhapSaiUsername" storage="c:\users\tidk\desktop\qlkhachsan\qlkhachsan\testformlogin\bin\debug\testformlogin.dll" id="e1bea3ac-d61e-bfab-f58f-e4df2d9e4d98">
      <Execution id="064552b0-1b48-4d9d-b7c6-2421adf440bd" />
      <TestMethod codeBase="C:/Users/TiDK/Desktop/QLKhachSan/QLKhachSan/TestFormLogin/bin/Debug/TestFormLogin.DLL" adapterTypeName="Microsoft.VisualStudio.TestTools.TestTypes.Unit.UnitTestAdapter, Microsoft.VisualStudio.QualityTools.Tips.UnitTest.Adapter, Version=10.0.0.0, Culture=neutral, PublicKeyToken=b03f5f7f11d50a3a" className="TestFormLogin.UnitTestFormLogin, TestFormLogin, Version=1.0.0.0, Culture=neutral, PublicKeyToken=null" name="TestDangNhapSaiUsername" />
    </UnitTest>
  </TestDefinitions>
  <TestLists>
    <TestList name="Results Not in a List" id="8c84fa94-04c1-424b-9868-57a2d4851a1d" />
    <TestList name="All Loaded Results" id="19431567-8539-422a-85d7-44ee4e166bda" />
  </TestLists>
  <TestEntries>
    <TestEntry testId="e1bea3ac-d61e-bfab-f58f-e4df2d9e4d98" executionId="064552b0-1b48-4d9d-b7c6-2421adf440bd" testListId="8c84fa94-04c1-424b-9868-57a2d4851a1d" />
  </TestEntries>
  <Results>
    <UnitTestResult executionId="064552b0-1b48-4d9d-b7c6-2421adf440bd" testId="e1bea3ac-d61e-bfab-f58f-e4df2d9e4d98" testName="TestDangNhapSaiUsername" computerName="TIDK-PC" duration="00:00:00.0950343" startTime="2019-11-15T16:53:52.2818264+07:00" endTime="2019-11-15T16:53:52.7038505+07:00" testType="13cdc9d9-ddb5-4fa4-a97d-d965ccfc6d4b" outcome="Failed" testListId="8c84fa94-04c1-424b-9868-57a2d4851a1d" relativeResultsDirectory="064552b0-1b48-4d9d-b7c6-2421adf440bd">
      <Output>
        <ErrorInfo>
          <Message>Assert.AreEqual failed. Expected:&lt;admin&gt;. Actual:&lt;admin123&gt;. </Message>
          <StackTrace>   at TestFormLogin.UnitTestFormLogin.TestDangNhapSaiUsername() in C:\Users\TiDK\Desktop\QLKhachSan\QLKhachSan\TestFormLogin\UnitTestFormLogin.cs:line 32
</StackTrace>
        </ErrorInfo>
      </Output>
    </UnitTestResult>
  </Results>
</TestRun>