<?xml version="1.0" encoding="UTF-8"?>
<TestRun id="215ec8cf-4692-4b43-b31e-c024b4ef0559" name="TiDK@TIDK-PC 2019-11-17 08:37:32" runUser="TiDK-PC\TiDK" xmlns="http://microsoft.com/schemas/VisualStudio/TeamTest/2010">
  <TestSettings name="Local" id="4832f6f6-0122-46c3-a19a-a0aebfdfd26e">
    <Description>These are default test settings for a local test run.</Description>
    <Deployment enabled="false" runDeploymentRoot="TiDK_TIDK-PC 2019-11-17 08_37_32">
      <DeploymentItem filename="C:\Users\TiDK\Desktop\QLKhachSan\QLKhachSan\QLKhachSan\bin\Debug\QLKhachSan.exe" />
    </Deployment>
    <Execution>
      <TestTypeSpecific />
      <AgentRule name="Execution Agents">
      </AgentRule>
    </Execution>
  </TestSettings>
  <Times creation="2019-11-17T08:37:32.8357532+07:00" queuing="2019-11-17T08:37:32.8817558+07:00" start="2019-11-17T08:37:32.8887562+07:00" finish="2019-11-17T08:37:33.2437765+07:00" />
  <ResultSummary outcome="Failed">
    <Counters total="1" executed="1" error="0" failed="1" timeout="0" aborted="0" inconclusive="0" passedButRunAborted="0" notRunnable="0" notExecuted="0" disconnected="0" warning="0" passed="0" completed="0" inProgress="0" pending="0" />
  </ResultSummary>
  <TestDefinitions>
    <UnitTest name="TestCapNhatKhachHangThanhCong" storage="c:\users\tidk\desktop\qlkhachsan\qlkhachsan\testqlkhachsan\bin\debug\testqlkhachsan.dll" id="62a494b3-c77c-4c5b-9db8-61c8c948766c">
      <Execution id="bda95257-cf44-48da-b162-10d47527f400" />
      <TestMethod codeBase="C:/Users/TiDK/Desktop/QLKhachSan/QLKhachSan/TestQLKhachSan/bin/Debug/TestQLKhachSan.DLL" adapterTypeName="Microsoft.VisualStudio.TestTools.TestTypes.Unit.UnitTestAdapter, Microsoft.VisualStudio.QualityTools.Tips.UnitTest.Adapter, Version=10.0.0.0, Culture=neutral, PublicKeyToken=b03f5f7f11d50a3a" className="TestQLKhachSan.UnitTestFrmQuanLyKhachHang, TestQLKhachSan, Version=1.0.0.0, Culture=neutral, PublicKeyToken=null" name="TestCapNhatKhachHangThanhCong" />
    </UnitTest>
  </TestDefinitions>
  <TestLists>
    <TestList name="Results Not in a List" id="8c84fa94-04c1-424b-9868-57a2d4851a1d" />
    <TestList name="All Loaded Results" id="19431567-8539-422a-85d7-44ee4e166bda" />
  </TestLists>
  <TestEntries>
    <TestEntry testId="62a494b3-c77c-4c5b-9db8-61c8c948766c" executionId="bda95257-cf44-48da-b162-10d47527f400" testListId="8c84fa94-04c1-424b-9868-57a2d4851a1d" />
  </TestEntries>
  <Results>
    <UnitTestResult executionId="bda95257-cf44-48da-b162-10d47527f400" testId="62a494b3-c77c-4c5b-9db8-61c8c948766c" testName="TestCapNhatKhachHangThanhCong" computerName="TIDK-PC" duration="00:00:00.0446908" startTime="2019-11-17T08:37:32.9017570+07:00" endTime="2019-11-17T08:37:33.2267756+07:00" testType="13cdc9d9-ddb5-4fa4-a97d-d965ccfc6d4b" outcome="Failed" testListId="8c84fa94-04c1-424b-9868-57a2d4851a1d" relativeResultsDirectory="bda95257-cf44-48da-b162-10d47527f400">
      <Output>
        <ErrorInfo>
          <Message>Assert.AreNotEqual failed. Expected any value except:&lt;Nguyễn Văn A&gt;. Actual:&lt;Nguyễn Văn A&gt;. </Message>
          <StackTrace>   at TestQLKhachSan.UnitTestFrmQuanLyKhachHang.TestCapNhatKhachHangThanhCong() in C:\Users\TiDK\Desktop\QLKhachSan\QLKhachSan\TestQLKhachSan\UnitTestFrmQuanLyKhachHang.cs:line 53
</StackTrace>
        </ErrorInfo>
      </Output>
    </UnitTestResult>
  </Results>
</TestRun>