<?xml version="1.0" encoding="UTF-8"?>
<TestRun id="5f49f5f0-270b-47d6-8b46-1e49f630f3e5" name="TiDK@TIDK-PC 2019-11-17 09:05:17" runUser="TiDK-PC\TiDK" xmlns="http://microsoft.com/schemas/VisualStudio/TeamTest/2010">
  <TestSettings name="Local" id="4832f6f6-0122-46c3-a19a-a0aebfdfd26e">
    <Description>These are default test settings for a local test run.</Description>
    <Deployment enabled="false" runDeploymentRoot="TiDK_TIDK-PC 2019-11-17 09_05_17">
      <DeploymentItem filename="C:\Users\TiDK\Desktop\QLKhachSan\QLKhachSan\QLKhachSan\bin\Debug\QLKhachSan.exe" />
    </Deployment>
    <Execution>
      <TestTypeSpecific />
      <AgentRule name="Execution Agents">
      </AgentRule>
    </Execution>
  </TestSettings>
  <Times creation="2019-11-17T09:05:17.9365102+07:00" queuing="2019-11-17T09:05:17.9521103+07:00" start="2019-11-17T09:05:17.9521103+07:00" finish="2019-11-17T09:05:18.3421110+07:00" />
  <ResultSummary outcome="Completed">
    <Counters total="5" executed="5" passed="5" error="0" failed="0" timeout="0" aborted="0" inconclusive="0" passedButRunAborted="0" notRunnable="0" notExecuted="0" disconnected="0" warning="0" completed="0" inProgress="0" pending="0" />
  </ResultSummary>
  <TestDefinitions>
    <UnitTest name="TestThemNhanVienThanhCong" storage="c:\users\tidk\desktop\qlkhachsan\qlkhachsan\testqlkhachsan\bin\debug\testqlkhachsan.dll" id="313443e5-d244-e884-a4cb-ddc2262c1ae6">
      <Execution id="e35c7cda-31b4-42f6-89f0-1e45e4a2f9b7" />
      <TestMethod codeBase="C:/Users/TiDK/Desktop/QLKhachSan/QLKhachSan/TestQLKhachSan/bin/Debug/TestQLKhachSan.DLL" adapterTypeName="Microsoft.VisualStudio.TestTools.TestTypes.Unit.UnitTestAdapter, Microsoft.VisualStudio.QualityTools.Tips.UnitTest.Adapter, Version=10.0.0.0, Culture=neutral, PublicKeyToken=b03f5f7f11d50a3a" className="TestQLKhachSan.UnitTestFrmQuanLyNhanVien, TestQLKhachSan, Version=1.0.0.0, Culture=neutral, PublicKeyToken=null" name="TestThemNhanVienThanhCong" />
    </UnitTest>
    <UnitTest name="TestThemNhanVienKhongThanhCongDoTrungMaNV" storage="c:\users\tidk\desktop\qlkhachsan\qlkhachsan\testqlkhachsan\bin\debug\testqlkhachsan.dll" id="350b5ade-1e11-59e3-fe07-222dec2b9597">
      <Execution id="629887db-ec6f-4e2a-b924-ab6819f0de04" />
      <TestMethod codeBase="C:/Users/TiDK/Desktop/QLKhachSan/QLKhachSan/TestQLKhachSan/bin/Debug/TestQLKhachSan.DLL" adapterTypeName="Microsoft.VisualStudio.TestTools.TestTypes.Unit.UnitTestAdapter, Microsoft.VisualStudio.QualityTools.Tips.UnitTest.Adapter, Version=10.0.0.0, Culture=neutral, PublicKeyToken=b03f5f7f11d50a3a" className="TestQLKhachSan.UnitTestFrmQuanLyNhanVien, TestQLKhachSan, Version=1.0.0.0, Culture=neutral, PublicKeyToken=null" name="TestThemNhanVienKhongThanhCongDoTrungMaNV" />
    </UnitTest>
    <UnitTest name="TestXoaNhanVienKhongThanhCong" storage="c:\users\tidk\desktop\qlkhachsan\qlkhachsan\testqlkhachsan\bin\debug\testqlkhachsan.dll" id="f94960e2-b20e-03b5-7a2b-18eb5f87f19d">
      <Execution id="18c1b9eb-f6eb-4e4e-b274-aebcfa67311c" />
      <TestMethod codeBase="C:/Users/TiDK/Desktop/QLKhachSan/QLKhachSan/TestQLKhachSan/bin/Debug/TestQLKhachSan.DLL" adapterTypeName="Microsoft.VisualStudio.TestTools.TestTypes.Unit.UnitTestAdapter, Microsoft.VisualStudio.QualityTools.Tips.UnitTest.Adapter, Version=10.0.0.0, Culture=neutral, PublicKeyToken=b03f5f7f11d50a3a" className="TestQLKhachSan.UnitTestFrmQuanLyNhanVien, TestQLKhachSan, Version=1.0.0.0, Culture=neutral, PublicKeyToken=null" name="TestXoaNhanVienKhongThanhCong" />
    </UnitTest>
    <UnitTest name="TestCapNhatNhanVienThanhCong" storage="c:\users\tidk\desktop\qlkhachsan\qlkhachsan\testqlkhachsan\bin\debug\testqlkhachsan.dll" id="fd98eb85-94ec-6997-f94b-c5767cf892d4">
      <Execution id="fcdcdb89-2451-4df2-b53b-7ad0f93734ab" />
      <TestMethod codeBase="C:/Users/TiDK/Desktop/QLKhachSan/QLKhachSan/TestQLKhachSan/bin/Debug/TestQLKhachSan.DLL" adapterTypeName="Microsoft.VisualStudio.TestTools.TestTypes.Unit.UnitTestAdapter, Microsoft.VisualStudio.QualityTools.Tips.UnitTest.Adapter, Version=10.0.0.0, Culture=neutral, PublicKeyToken=b03f5f7f11d50a3a" className="TestQLKhachSan.UnitTestFrmQuanLyNhanVien, TestQLKhachSan, Version=1.0.0.0, Culture=neutral, PublicKeyToken=null" name="TestCapNhatNhanVienThanhCong" />
    </UnitTest>
    <UnitTest name="TestXoaNhanVienThanhCong" storage="c:\users\tidk\desktop\qlkhachsan\qlkhachsan\testqlkhachsan\bin\debug\testqlkhachsan.dll" id="2d2b505a-8642-8d9a-a58b-d31804105af5">
      <Execution id="ffdd6a5e-d137-434c-ad30-445899ccc9c8" />
      <TestMethod codeBase="C:/Users/TiDK/Desktop/QLKhachSan/QLKhachSan/TestQLKhachSan/bin/Debug/TestQLKhachSan.DLL" adapterTypeName="Microsoft.VisualStudio.TestTools.TestTypes.Unit.UnitTestAdapter, Microsoft.VisualStudio.QualityTools.Tips.UnitTest.Adapter, Version=10.0.0.0, Culture=neutral, PublicKeyToken=b03f5f7f11d50a3a" className="TestQLKhachSan.UnitTestFrmQuanLyNhanVien, TestQLKhachSan, Version=1.0.0.0, Culture=neutral, PublicKeyToken=null" name="TestXoaNhanVienThanhCong" />
    </UnitTest>
  </TestDefinitions>
  <TestLists>
    <TestList name="Results Not in a List" id="8c84fa94-04c1-424b-9868-57a2d4851a1d" />
    <TestList name="All Loaded Results" id="19431567-8539-422a-85d7-44ee4e166bda" />
  </TestLists>
  <TestEntries>
    <TestEntry testId="2d2b505a-8642-8d9a-a58b-d31804105af5" executionId="ffdd6a5e-d137-434c-ad30-445899ccc9c8" testListId="8c84fa94-04c1-424b-9868-57a2d4851a1d" />
    <TestEntry testId="313443e5-d244-e884-a4cb-ddc2262c1ae6" executionId="e35c7cda-31b4-42f6-89f0-1e45e4a2f9b7" testListId="8c84fa94-04c1-424b-9868-57a2d4851a1d" />
    <TestEntry testId="350b5ade-1e11-59e3-fe07-222dec2b9597" executionId="629887db-ec6f-4e2a-b924-ab6819f0de04" testListId="8c84fa94-04c1-424b-9868-57a2d4851a1d" />
    <TestEntry testId="f94960e2-b20e-03b5-7a2b-18eb5f87f19d" executionId="18c1b9eb-f6eb-4e4e-b274-aebcfa67311c" testListId="8c84fa94-04c1-424b-9868-57a2d4851a1d" />
    <TestEntry testId="fd98eb85-94ec-6997-f94b-c5767cf892d4" executionId="fcdcdb89-2451-4df2-b53b-7ad0f93734ab" testListId="8c84fa94-04c1-424b-9868-57a2d4851a1d" />
  </TestEntries>
  <Results>
    <UnitTestResult executionId="ffdd6a5e-d137-434c-ad30-445899ccc9c8" testId="2d2b505a-8642-8d9a-a58b-d31804105af5" testName="TestXoaNhanVienThanhCong" computerName="TIDK-PC" duration="00:00:00.0293124" startTime="2019-11-17T09:05:17.9833103+07:00" endTime="2019-11-17T09:05:18.2953109+07:00" testType="13cdc9d9-ddb5-4fa4-a97d-d965ccfc6d4b" outcome="Passed" testListId="8c84fa94-04c1-424b-9868-57a2d4851a1d" relativeResultsDirectory="ffdd6a5e-d137-434c-ad30-445899ccc9c8">
    </UnitTestResult>
    <UnitTestResult executionId="e35c7cda-31b4-42f6-89f0-1e45e4a2f9b7" testId="313443e5-d244-e884-a4cb-ddc2262c1ae6" testName="TestThemNhanVienThanhCong" computerName="TIDK-PC" duration="00:00:00.0029485" startTime="2019-11-17T09:05:18.2953109+07:00" endTime="2019-11-17T09:05:18.2953109+07:00" testType="13cdc9d9-ddb5-4fa4-a97d-d965ccfc6d4b" outcome="Passed" testListId="8c84fa94-04c1-424b-9868-57a2d4851a1d" relativeResultsDirectory="e35c7cda-31b4-42f6-89f0-1e45e4a2f9b7">
    </UnitTestResult>
    <UnitTestResult executionId="629887db-ec6f-4e2a-b924-ab6819f0de04" testId="350b5ade-1e11-59e3-fe07-222dec2b9597" testName="TestThemNhanVienKhongThanhCongDoTrungMaNV" computerName="TIDK-PC" duration="00:00:00.0028870" startTime="2019-11-17T09:05:18.2953109+07:00" endTime="2019-11-17T09:05:18.3109109+07:00" testType="13cdc9d9-ddb5-4fa4-a97d-d965ccfc6d4b" outcome="Passed" testListId="8c84fa94-04c1-424b-9868-57a2d4851a1d" relativeResultsDirectory="629887db-ec6f-4e2a-b924-ab6819f0de04">
    </UnitTestResult>
    <UnitTestResult executionId="18c1b9eb-f6eb-4e4e-b274-aebcfa67311c" testId="f94960e2-b20e-03b5-7a2b-18eb5f87f19d" testName="TestXoaNhanVienKhongThanhCong" computerName="TIDK-PC" duration="00:00:00.0028276" startTime="2019-11-17T09:05:18.3109109+07:00" endTime="2019-11-17T09:05:18.3265109+07:00" testType="13cdc9d9-ddb5-4fa4-a97d-d965ccfc6d4b" outcome="Passed" testListId="8c84fa94-04c1-424b-9868-57a2d4851a1d" relativeResultsDirectory="18c1b9eb-f6eb-4e4e-b274-aebcfa67311c">
    </UnitTestResult>
    <UnitTestResult executionId="fcdcdb89-2451-4df2-b53b-7ad0f93734ab" testId="fd98eb85-94ec-6997-f94b-c5767cf892d4" testName="TestCapNhatNhanVienThanhCong" computerName="TIDK-PC" duration="00:00:00.0029838" startTime="2019-11-17T09:05:18.3265109+07:00" endTime="2019-11-17T09:05:18.3265109+07:00" testType="13cdc9d9-ddb5-4fa4-a97d-d965ccfc6d4b" outcome="Passed" testListId="8c84fa94-04c1-424b-9868-57a2d4851a1d" relativeResultsDirectory="fcdcdb89-2451-4df2-b53b-7ad0f93734ab">
    </UnitTestResult>
  </Results>
</TestRun>