<?xml version="1.0" encoding="UTF-8"?>
<TestRun id="437bc696-e7fd-46b8-bbc3-ec23c30fa0ed" name="TiDK@TIDK-PC 2019-11-17 09:11:34" runUser="TiDK-PC\TiDK" xmlns="http://microsoft.com/schemas/VisualStudio/TeamTest/2010">
  <TestSettings name="Local" id="4832f6f6-0122-46c3-a19a-a0aebfdfd26e">
    <Description>These are default test settings for a local test run.</Description>
    <Deployment enabled="false" runDeploymentRoot="TiDK_TIDK-PC 2019-11-17 09_11_34">
      <DeploymentItem filename="C:\Users\TiDK\Desktop\QLKhachSan\QLKhachSan\QLKhachSan\bin\Debug\QLKhachSan.exe" />
    </Deployment>
    <Execution>
      <TestTypeSpecific />
      <AgentRule name="Execution Agents">
      </AgentRule>
    </Execution>
  </TestSettings>
  <Times creation="2019-11-17T09:11:34.8041896+07:00" queuing="2019-11-17T09:11:34.8197897+07:00" start="2019-11-17T09:11:34.8353897+07:00" finish="2019-11-17T09:11:35.1473902+07:00" />
  <ResultSummary outcome="Completed">
    <Counters total="1" executed="1" passed="1" error="0" failed="0" timeout="0" aborted="0" inconclusive="0" passedButRunAborted="0" notRunnable="0" notExecuted="0" disconnected="0" warning="0" completed="0" inProgress="0" pending="0" />
  </ResultSummary>
  <TestDefinitions>
    <UnitTest name="TestCapNhatPhongThanhCong" storage="c:\users\tidk\desktop\qlkhachsan\qlkhachsan\testqlkhachsan\bin\debug\testqlkhachsan.dll" id="94ee60ff-dfe4-3a68-cd44-4967800eb584">
      <Execution id="9d98fb2e-2cc6-4774-887d-170766ca871b" />
      <TestMethod codeBase="C:/Users/TiDK/Desktop/QLKhachSan/QLKhachSan/TestQLKhachSan/bin/Debug/TestQLKhachSan.DLL" adapterTypeName="Microsoft.VisualStudio.TestTools.TestTypes.Unit.UnitTestAdapter, Microsoft.VisualStudio.QualityTools.Tips.UnitTest.Adapter, Version=10.0.0.0, Culture=neutral, PublicKeyToken=b03f5f7f11d50a3a" className="TestQLKhachSan.UnitTestFrmQuanLyPhong, TestQLKhachSan, Version=1.0.0.0, Culture=neutral, PublicKeyToken=null" name="TestCapNhatPhongThanhCong" />
    </UnitTest>
  </TestDefinitions>
  <TestLists>
    <TestList name="Results Not in a List" id="8c84fa94-04c1-424b-9868-57a2d4851a1d" />
    <TestList name="All Loaded Results" id="19431567-8539-422a-85d7-44ee4e166bda" />
  </TestLists>
  <TestEntries>
    <TestEntry testId="94ee60ff-dfe4-3a68-cd44-4967800eb584" executionId="9d98fb2e-2cc6-4774-887d-170766ca871b" testListId="8c84fa94-04c1-424b-9868-57a2d4851a1d" />
  </TestEntries>
  <Results>
    <UnitTestResult executionId="9d98fb2e-2cc6-4774-887d-170766ca871b" testId="94ee60ff-dfe4-3a68-cd44-4967800eb584" testName="TestCapNhatPhongThanhCong" computerName="TIDK-PC" duration="00:00:00.0303159" startTime="2019-11-17T09:11:34.8353897+07:00" endTime="2019-11-17T09:11:35.1317902+07:00" testType="13cdc9d9-ddb5-4fa4-a97d-d965ccfc6d4b" outcome="Passed" testListId="8c84fa94-04c1-424b-9868-57a2d4851a1d" relativeResultsDirectory="9d98fb2e-2cc6-4774-887d-170766ca871b">
    </UnitTestResult>
  </Results>
</TestRun>