<?xml version="1.0" encoding="UTF-8"?>
<TestRun id="3e08c76f-d983-4fb8-8dfb-6ed5bc090480" name="TiDK@TIDK-PC 2019-11-16 09:23:11" runUser="TiDK-PC\TiDK" xmlns="http://microsoft.com/schemas/VisualStudio/TeamTest/2010">
  <TestSettings name="Local" id="4832f6f6-0122-46c3-a19a-a0aebfdfd26e">
    <Description>These are default test settings for a local test run.</Description>
    <Deployment enabled="false" runDeploymentRoot="TiDK_TIDK-PC 2019-11-16 09_23_11">
      <DeploymentItem filename="C:\Users\TiDK\Desktop\QLKhachSan\QLKhachSan\QLKhachSan\bin\Debug\QLKhachSan.exe" />
    </Deployment>
    <Execution>
      <TestTypeSpecific />
      <AgentRule name="Execution Agents">
      </AgentRule>
    </Execution>
  </TestSettings>
  <Times creation="2019-11-16T09:23:11.3874276+07:00" queuing="2019-11-16T09:23:11.8054515+07:00" start="2019-11-16T09:23:11.8794558+07:00" finish="2019-11-16T09:23:12.3994855+07:00" />
  <ResultSummary outcome="Failed">
    <Counters total="1" executed="1" error="0" failed="1" timeout="0" aborted="0" inconclusive="0" passedButRunAborted="0" notRunnable="0" notExecuted="0" disconnected="0" warning="0" passed="0" completed="0" inProgress="0" pending="0" />
  </ResultSummary>
  <TestDefinitions>
    <UnitTest name="TestThemNhanVienTrungMaNV" storage="c:\users\tidk\desktop\qlkhachsan\qlkhachsan\testqlkhachsan\bin\debug\testqlkhachsan.dll" id="3bce19a9-0c00-2837-3290-479e9f760b9e">
      <Execution id="9e9a545f-49d3-432f-8a9d-a59c31b0439c" />
      <TestMethod codeBase="C:/Users/TiDK/Desktop/QLKhachSan/QLKhachSan/TestQLKhachSan/bin/Debug/TestQLKhachSan.DLL" adapterTypeName="Microsoft.VisualStudio.TestTools.TestTypes.Unit.UnitTestAdapter, Microsoft.VisualStudio.QualityTools.Tips.UnitTest.Adapter, Version=10.0.0.0, Culture=neutral, PublicKeyToken=b03f5f7f11d50a3a" className="TestQLKhachSan.UnitTestFrmQuanLyNhanVien, TestQLKhachSan, Version=1.0.0.0, Culture=neutral, PublicKeyToken=null" name="TestThemNhanVienTrungMaNV" />
    </UnitTest>
  </TestDefinitions>
  <TestLists>
    <TestList name="Results Not in a List" id="8c84fa94-04c1-424b-9868-57a2d4851a1d" />
    <TestList name="All Loaded Results" id="19431567-8539-422a-85d7-44ee4e166bda" />
  </TestLists>
  <TestEntries>
    <TestEntry testId="3bce19a9-0c00-2837-3290-479e9f760b9e" executionId="9e9a545f-49d3-432f-8a9d-a59c31b0439c" testListId="8c84fa94-04c1-424b-9868-57a2d4851a1d" />
  </TestEntries>
  <Results>
    <UnitTestResult executionId="9e9a545f-49d3-432f-8a9d-a59c31b0439c" testId="3bce19a9-0c00-2837-3290-479e9f760b9e" testName="TestThemNhanVienTrungMaNV" computerName="TIDK-PC" duration="00:00:00.0878284" startTime="2019-11-16T09:23:11.9534600+07:00" endTime="2019-11-16T09:23:12.3384820+07:00" testType="13cdc9d9-ddb5-4fa4-a97d-d965ccfc6d4b" outcome="Failed" testListId="8c84fa94-04c1-424b-9868-57a2d4851a1d" relativeResultsDirectory="9e9a545f-49d3-432f-8a9d-a59c31b0439c">
      <Output>
        <StdOut>NV1
NV2</StdOut>
        <ErrorInfo>
          <Message>Assert.AreNotEqual failed. Expected any value except:&lt;NV1&gt;. Actual:&lt;NV1&gt;. </Message>
          <StackTrace>   at TestQLKhachSan.UnitTestFrmQuanLyNhanVien.TestThemNhanVienTrungMaNV() in C:\Users\TiDK\Desktop\QLKhachSan\QLKhachSan\TestQLKhachSan\UnitTestFrmQuanLyNhanVien.cs:line 40
</StackTrace>
        </ErrorInfo>
      </Output>
    </UnitTestResult>
  </Results>
</TestRun>