<?xml version="1.0" encoding="UTF-8"?>
<TestRun id="d2fe6034-7f00-4cd6-b593-adb1f7360ca4" name="TiDK@TIDK-PC 2019-11-16 09:24:01" runUser="TiDK-PC\TiDK" xmlns="http://microsoft.com/schemas/VisualStudio/TeamTest/2010">
  <TestSettings name="Local" id="4832f6f6-0122-46c3-a19a-a0aebfdfd26e">
    <Description>These are default test settings for a local test run.</Description>
    <Deployment enabled="false" runDeploymentRoot="TiDK_TIDK-PC 2019-11-16 09_24_01">
      <DeploymentItem filename="C:\Users\TiDK\Desktop\QLKhachSan\QLKhachSan\QLKhachSan\bin\Debug\QLKhachSan.exe" />
    </Deployment>
    <Execution>
      <TestTypeSpecific />
      <AgentRule name="Execution Agents">
      </AgentRule>
    </Execution>
  </TestSettings>
  <Times creation="2019-11-16T09:24:01.5412963+07:00" queuing="2019-11-16T09:24:01.9763211+07:00" start="2019-11-16T09:24:02.0493253+07:00" finish="2019-11-16T09:24:02.5523541+07:00" />
  <ResultSummary outcome="Failed">
    <Counters total="1" executed="1" error="0" failed="1" timeout="0" aborted="0" inconclusive="0" passedButRunAborted="0" notRunnable="0" notExecuted="0" disconnected="0" warning="0" passed="0" completed="0" inProgress="0" pending="0" />
  </ResultSummary>
  <TestDefinitions>
    <UnitTest name="TestThemNhanVienTrungMaNV" storage="c:\users\tidk\desktop\qlkhachsan\qlkhachsan\testqlkhachsan\bin\debug\testqlkhachsan.dll" id="3bce19a9-0c00-2837-3290-479e9f760b9e">
      <Execution id="36f16329-4077-4d55-81ad-ce3994666971" />
      <TestMethod codeBase="C:/Users/TiDK/Desktop/QLKhachSan/QLKhachSan/TestQLKhachSan/bin/Debug/TestQLKhachSan.DLL" adapterTypeName="Microsoft.VisualStudio.TestTools.TestTypes.Unit.UnitTestAdapter, Microsoft.VisualStudio.QualityTools.Tips.UnitTest.Adapter, Version=10.0.0.0, Culture=neutral, PublicKeyToken=b03f5f7f11d50a3a" className="TestQLKhachSan.UnitTestFrmQuanLyNhanVien, TestQLKhachSan, Version=1.0.0.0, Culture=neutral, PublicKeyToken=null" name="TestThemNhanVienTrungMaNV" />
    </UnitTest>
  </TestDefinitions>
  <TestLists>
    <TestList name="Results Not in a List" id="8c84fa94-04c1-424b-9868-57a2d4851a1d" />
    <TestList name="All Loaded Results" id="19431567-8539-422a-85d7-44ee4e166bda" />
  </TestLists>
  <TestEntries>
    <TestEntry testId="3bce19a9-0c00-2837-3290-479e9f760b9e" executionId="36f16329-4077-4d55-81ad-ce3994666971" testListId="8c84fa94-04c1-424b-9868-57a2d4851a1d" />
  </TestEntries>
  <Results>
    <UnitTestResult executionId="36f16329-4077-4d55-81ad-ce3994666971" testId="3bce19a9-0c00-2837-3290-479e9f760b9e" testName="TestThemNhanVienTrungMaNV" computerName="TIDK-PC" duration="00:00:00.0863037" startTime="2019-11-16T09:24:02.1233295+07:00" endTime="2019-11-16T09:24:02.5113517+07:00" testType="13cdc9d9-ddb5-4fa4-a97d-d965ccfc6d4b" outcome="Failed" testListId="8c84fa94-04c1-424b-9868-57a2d4851a1d" relativeResultsDirectory="36f16329-4077-4d55-81ad-ce3994666971">
      <Output>
        <StdOut>NV1
NV2</StdOut>
        <ErrorInfo>
          <Message>Assert.AreEqual failed. Expected:&lt;NV2&gt;. Actual:&lt;NV1&gt;. </Message>
          <StackTrace>   at TestQLKhachSan.UnitTestFrmQuanLyNhanVien.TestThemNhanVienTrungMaNV() in C:\Users\TiDK\Desktop\QLKhachSan\QLKhachSan\TestQLKhachSan\UnitTestFrmQuanLyNhanVien.cs:line 40
</StackTrace>
        </ErrorInfo>
      </Output>
    </UnitTestResult>
  </Results>
</TestRun>