<?xml version="1.0" encoding="UTF-8"?>
<TestRun id="11e9e094-e0c5-4ba8-a2f4-f78a338a4f61" name="TiDK@TIDK-PC 2019-11-16 09:26:47" runUser="TiDK-PC\TiDK" xmlns="http://microsoft.com/schemas/VisualStudio/TeamTest/2010">
  <TestSettings name="Local" id="4832f6f6-0122-46c3-a19a-a0aebfdfd26e">
    <Description>These are default test settings for a local test run.</Description>
    <Deployment enabled="false" runDeploymentRoot="TiDK_TIDK-PC 2019-11-16 09_26_47">
      <DeploymentItem filename="C:\Users\TiDK\Desktop\QLKhachSan\QLKhachSan\QLKhachSan\bin\Debug\QLKhachSan.exe" />
    </Deployment>
    <Execution>
      <TestTypeSpecific />
      <AgentRule name="Execution Agents">
      </AgentRule>
    </Execution>
  </TestSettings>
  <Times creation="2019-11-16T09:26:47.8888108+07:00" queuing="2019-11-16T09:26:49.2838906+07:00" start="2019-11-16T09:26:49.2978914+07:00" finish="2019-11-16T09:26:49.6179097+07:00" />
  <ResultSummary outcome="Completed">
    <Counters total="1" executed="1" passed="1" error="0" failed="0" timeout="0" aborted="0" inconclusive="0" passedButRunAborted="0" notRunnable="0" notExecuted="0" disconnected="0" warning="0" completed="0" inProgress="0" pending="0" />
  </ResultSummary>
  <TestDefinitions>
    <UnitTest name="TestThemNhanVienKhacMaNV" storage="c:\users\tidk\desktop\qlkhachsan\qlkhachsan\testqlkhachsan\bin\debug\testqlkhachsan.dll" id="0a8ebf80-cc34-c54b-f81e-35d22db3b166">
      <Execution id="d5f51b7d-446c-40d7-a015-a9115da4ae3c" />
      <TestMethod codeBase="C:/Users/TiDK/Desktop/QLKhachSan/QLKhachSan/TestQLKhachSan/bin/Debug/TestQLKhachSan.DLL" adapterTypeName="Microsoft.VisualStudio.TestTools.TestTypes.Unit.UnitTestAdapter, Microsoft.VisualStudio.QualityTools.Tips.UnitTest.Adapter, Version=10.0.0.0, Culture=neutral, PublicKeyToken=b03f5f7f11d50a3a" className="TestQLKhachSan.UnitTestFrmQuanLyNhanVien, TestQLKhachSan, Version=1.0.0.0, Culture=neutral, PublicKeyToken=null" name="TestThemNhanVienKhacMaNV" />
    </UnitTest>
  </TestDefinitions>
  <TestLists>
    <TestList name="Results Not in a List" id="8c84fa94-04c1-424b-9868-57a2d4851a1d" />
    <TestList name="All Loaded Results" id="19431567-8539-422a-85d7-44ee4e166bda" />
  </TestLists>
  <TestEntries>
    <TestEntry testId="0a8ebf80-cc34-c54b-f81e-35d22db3b166" executionId="d5f51b7d-446c-40d7-a015-a9115da4ae3c" testListId="8c84fa94-04c1-424b-9868-57a2d4851a1d" />
  </TestEntries>
  <Results>
    <UnitTestResult executionId="d5f51b7d-446c-40d7-a015-a9115da4ae3c" testId="0a8ebf80-cc34-c54b-f81e-35d22db3b166" testName="TestThemNhanVienKhacMaNV" computerName="TIDK-PC" duration="00:00:00.0301797" startTime="2019-11-16T09:26:49.3098921+07:00" endTime="2019-11-16T09:26:49.6039089+07:00" testType="13cdc9d9-ddb5-4fa4-a97d-d965ccfc6d4b" outcome="Passed" testListId="8c84fa94-04c1-424b-9868-57a2d4851a1d" relativeResultsDirectory="d5f51b7d-446c-40d7-a015-a9115da4ae3c">
      <Output>
        <StdOut>NV1
NV2</StdOut>
      </Output>
    </UnitTestResult>
  </Results>
</TestRun>